<?xml version="1.0" encoding="UTF-8"?>
<!-- Generated by org.testng.reporters.JUnitReportReporter -->
<testsuite skipped="0" hostname="DESKTOP-H5QGGQD" name="com.testfan.ui.auto.pay.UserTest" tests="1" failures="0" timestamp="15 六月 2019 06:00:50 GMT" time="20.127" errors="0">
  <testcase name="testUserAddDp1" time="20.127" classname="com.testfan.ui.auto.pay.UserTest"/>
</testsuite> <!-- com.testfan.ui.auto.pay.UserTest -->
