<?xml version="1.0" encoding="UTF-8"?>
<!-- Generated by org.testng.reporters.JUnitReportReporter -->
<testsuite skipped="0" hostname="LAPTOP-FNJECGSP" name="action.BaiduActionTest" tests="1" failures="0" timestamp="05 九月 2019 08:13:21 GMT" time="28.764" errors="0">
  <testcase name="testBaidu" time="28.764" classname="action.BaiduActionTest"/>
</testsuite> <!-- action.BaiduActionTest -->
