<?xml version="1.0" encoding="UTF-8"?>
<!-- Generated by org.testng.reporters.JUnitReportReporter -->
<testsuite skipped="0" hostname="LAPTOP-FNJECGSP" name="action.MenuActionTest" tests="2" failures="0" timestamp="10 九月 2019 08:51:26 GMT" time="20.954" errors="0">
  <testcase name="testMenuTop" time="10.137" classname="action.MenuActionTest"/>
  <testcase name="testMenuLeft" time="10.817" classname="action.MenuActionTest"/>
</testsuite> <!-- action.MenuActionTest -->
