<?xml version="1.0" encoding="UTF-8"?>
<!-- Generated by org.testng.reporters.JUnitReportReporter -->
<testsuite skipped="0" hostname="DESKTOP-H5QGGQD" name="com.testfan.ui.auto.pay.BaiduActionTest" tests="1" failures="0" timestamp="15 六月 2019 02:04:35 GMT" time="30.076" errors="0">
  <testcase name="testBaidu" time="30.076" classname="com.testfan.ui.auto.pay.BaiduActionTest"/>
</testsuite> <!-- com.testfan.ui.auto.pay.BaiduActionTest -->
